<?xml version="1.0" encoding="UTF-8"?>
<testng-results ignored="0" total="2" passed="2" failed="0" skipped="0">
  <reporter-output>
  </reporter-output>
  <suite started-at="2026-08-11T15:08:59 IST" name="Surefire suite" finished-at="2026-08-11T15:09:02 IST" duration-ms="2992">
    <groups>
    </groups>
    <test started-at="2026-08-11T15:08:59 IST" name="Surefire test" finished-at="2026-08-11T15:09:02 IST" duration-ms="2992">
      <class name="com.engineerlab.api.tests.GetUserTest">
        <test-method signature="verifyGetPost()[pri:0, instance:com.engineerlab.api.tests.GetUserTest@60dcc9fe]" started-at="2026-08-11T15:08:59 IST" name="verifyGetPost" finished-at="2026-08-11T15:09:01 IST" duration-ms="2695" status="PASS">
          <reporter-output>
          </reporter-output>
        </test-method> <!-- verifyGetPost -->
      </class> <!-- com.engineerlab.api.tests.GetUserTest -->
      <class name="com.engineerlab.api.tests.ImprovedUserCodeTest">
        <test-method signature="verifyGetPost()[pri:0, instance:com.engineerlab.api.tests.ImprovedUserCodeTest@12d4bf7e]" started-at="2026-08-11T15:09:01 IST" name="verifyGetPost" finished-at="2026-08-11T15:09:02 IST" duration-ms="269" status="PASS">
          <reporter-output>
          </reporter-output>
        </test-method> <!-- verifyGetPost -->
      </class> <!-- com.engineerlab.api.tests.ImprovedUserCodeTest -->
    </test> <!-- Surefire test -->
  </suite> <!-- Surefire suite -->
</testng-results>
