<?xml version="1.0" encoding="UTF-8"?>
<testsuite xmlns:xsi="http://www.w3.org/2001/XMLSchema-instance" xsi:noNamespaceSchemaLocation="https://maven.apache.org/surefire/maven-surefire-plugin/xsd/surefire-test-report.xsd" version="3.0.1" name="com.engineerlab.api.tests.ImprovedUserCodeTest" time="3.037" tests="1" errors="0" skipped="0" failures="0">
  <properties>
[...]
</properties>
  <testcase name="getSingleUser" classname="com.engineerlab.api.tests.ImprovedUserCodeTest" time="2.65">
    <system-out><![CDATA[Status Code : 200
Content Type : application/json; charset=utf-8
Title : sunt aut facere repellat provident occaecati excepturi optio reprehenderit
User ID : 1
Response Time : 901
Server : cloudflare
Cache Control : max-age=43200
]]></system-out>
    <system-err><![CDATA[SLF4J(W): No SLF4J providers were found.
SLF4J(W): Defaulting to no-operation (NOP) logger implementation
SLF4J(W): See https://www.slf4j.org/codes.html#noProviders for further details.
]]></system-err>
  </testcase>
</testsuite>