<?xml version="1.0" encoding="UTF-8"?>
<testsuite xmlns:xsi="http://www.w3.org/2001/XMLSchema-instance" xsi:noNamespaceSchemaLocation="https://maven.apache.org/surefire/maven-surefire-plugin/xsd/surefire-test-report.xsd" version="3.0.1" name="TestSuite" time="3.387" tests="2" errors="0" skipped="0" failures="0">
  <properties>
[...]
</properties>
  <testcase name="verifyGetPost" classname="com.engineerlab.api.tests.GetUserTest" time="2.705">
    <system-out><![CDATA[sunt aut facere repellat provident occaecati excepturi optio reprehenderit
HTTP/1.1 200 OK
Date: Tue, 11 Aug 2026 09:39:01 GMT
Content-Type: application/json; charset=utf-8
Transfer-Encoding: chunked
Connection: keep-alive
access-control-allow-credentials: true
Cache-Control: max-age=43200
etag: W/"124-yiKdLzqO5gfBrJFrcdJ8Yq0LGnU"
expires: -1
nel: {"report_to":"heroku-nel","response_headers":["Via"],"max_age":3600,"success_fraction":0.01,"failure_fraction":0.1}
pragma: no-cache
report-to: {"group":"heroku-nel","endpoints":[{"url":"https://nel.heroku.com/reports?s=PD3aZ5JXmnXLLbuM9yuy2jwg6ke8U5C2Yq%2BT0erzkj0%3D\u0026sid=e11707d5-02a7-43ef-b45e-2cf4d2036f7d\u0026ts=1775729378"}],"max_age":3600}
reporting-endpoints: heroku-nel="https://nel.heroku.com/reports?s=PD3aZ5JXmnXLLbuM9yuy2jwg6ke8U5C2Yq%2BT0erzkj0%3D&sid=e11707d5-02a7-43ef-b45e-2cf4d2036f7d&ts=1775729378"
Server: cloudflare
vary: Origin, Accept-Encoding
via: 2.0 heroku-router
x-content-type-options: nosniff
x-powered-by: Express
x-ratelimit-limit: 1000
x-ratelimit-remaining: 730
x-ratelimit-reset: 1775729393
Age: 4432
cf-cache-status: HIT
Content-Encoding: gzip
CF-RAY: a296454c7f6e832b-SIN
alt-svc: h3=":443"; ma=86400

{
    "userId": 1,
    "id": 1,
    "title": "sunt aut facere repellat provident occaecati excepturi optio reprehenderit",
    "body": "quia et suscipit\nsuscipit recusandae consequuntur expedita et cum\nreprehenderit molestiae ut ut quas totam\nnostrum rerum est autem sunt rem eveniet architecto"
}
io.restassured.internal.RestAssuredResponseImpl@3b4a1a75
]]></system-out>
    <system-err><![CDATA[SLF4J(W): No SLF4J providers were found.
SLF4J(W): Defaulting to no-operation (NOP) logger implementation
SLF4J(W): See https://www.slf4j.org/codes.html#noProviders for further details.
]]></system-err>
  </testcase>
  <testcase name="verifyGetPost" classname="com.engineerlab.api.tests.ImprovedUserCodeTest" time="0.272">
    <system-out><![CDATA[Status Code : 200
Content Type : application/json; charset=utf-8
Title : sunt aut facere repellat provident occaecati excepturi optio reprehenderit
User ID : 1
Response Time : 229
Server : cloudflare
Cache Control : max-age=43200
]]></system-out>
  </testcase>
</testsuite>